[debug] [2025-02-25T05:35:22.104Z] ----------------------------------------------------------------------
[debug] [2025-02-25T05:35:22.109Z] Command:       C:\Program Files\nodejs\node.exe C:\Users\Piyush\AppData\Roaming\npm\node_modules\firebase-tools\lib\bin\firebase.js init
[debug] [2025-02-25T05:35:22.110Z] CLI Version:   13.31.2
[debug] [2025-02-25T05:35:22.111Z] Platform:      win32
[debug] [2025-02-25T05:35:22.111Z] Node Version:  v22.14.0
[debug] [2025-02-25T05:35:22.112Z] Time:          Tue Feb 25 2025 11:05:22 GMT+0530 (India Standard Time)
[debug] [2025-02-25T05:35:22.112Z] ----------------------------------------------------------------------
[debug] 
[debug] [2025-02-25T05:35:22.124Z] > command requires scopes: ["email","openid","https://www.googleapis.com/auth/cloudplatformprojects.readonly","https://www.googleapis.com/auth/firebase","https://www.googleapis.com/auth/cloud-platform"]
[debug] [2025-02-25T05:35:22.125Z] > authorizing via signed-in user (piyushsangada017@gmail.com)
[info] 
     ######## #### ########  ######## ########     ###     ######  ########
     ##        ##  ##     ## ##       ##     ##  ##   ##  ##       ##
     ######    ##  ########  ######   ########  #########  ######  ######
     ##        ##  ##    ##  ##       ##     ## ##     ##       ## ##
     ##       #### ##     ## ######## ########  ##     ##  ######  ########

You're about to initialize a Firebase project in this directory:

  D:\Intership Work\RTPL E-Learning Website

[info] 
=== Project Setup
[info] 
[info] First, let's associate this project directory with a Firebase project.
[info] You can create multiple project aliases by running firebase use --add, 
[info] but for now we'll just set up a default project.
[info] 
[debug] [2025-02-25T05:39:25.175Z] Checked if tokens are valid: false, expires at: 1740397735269
[debug] [2025-02-25T05:39:25.175Z] Checked if tokens are valid: false, expires at: 1740397735269
[debug] [2025-02-25T05:39:25.176Z] > refreshing access token with scopes: []
[debug] [2025-02-25T05:39:25.181Z] >>> [apiv2][query] POST https://www.googleapis.com/oauth2/v3/token [none]
[debug] [2025-02-25T05:39:25.182Z] >>> [apiv2][body] POST https://www.googleapis.com/oauth2/v3/token [omitted]
[debug] [2025-02-25T05:39:25.488Z] <<< [apiv2][status] POST https://www.googleapis.com/oauth2/v3/token 200
[debug] [2025-02-25T05:39:25.488Z] <<< [apiv2][body] POST https://www.googleapis.com/oauth2/v3/token [omitted]
[debug] [2025-02-25T05:39:25.499Z] >>> [apiv2][query] GET https://firebase.googleapis.com/v1beta1/projects pageSize=100
[debug] [2025-02-25T05:39:26.175Z] <<< [apiv2][status] GET https://firebase.googleapis.com/v1beta1/projects 200
[debug] [2025-02-25T05:39:26.175Z] <<< [apiv2][body] GET https://firebase.googleapis.com/v1beta1/projects [omitted]
[info] i  Using project rtpl-website-98a18 (Rtpl website) 
[info] 
=== Hosting Setup
[debug] [2025-02-25T05:39:27.918Z] Checked if tokens are valid: true, expires at: 1740465564488
[debug] [2025-02-25T05:39:27.918Z] Checked if tokens are valid: true, expires at: 1740465564488
[debug] [2025-02-25T05:39:27.919Z] >>> [apiv2][query] GET https://firebase.googleapis.com/v1beta1/projects/rtpl-website-98a18 [none]
[debug] [2025-02-25T05:39:28.244Z] <<< [apiv2][status] GET https://firebase.googleapis.com/v1beta1/projects/rtpl-website-98a18 200
[debug] [2025-02-25T05:39:28.245Z] <<< [apiv2][body] GET https://firebase.googleapis.com/v1beta1/projects/rtpl-website-98a18 {"projectId":"rtpl-website-98a18","projectNumber":"521444205211","displayName":"Rtpl website","name":"projects/rtpl-website-98a18","resources":{"hostingSite":"rtpl-website-98a18"},"state":"ACTIVE","etag":"1_3872e797-adcd-4e77-811f-5dd3f03b4b8c"}
[info] 
[info] Your public directory is the folder (relative to your project directory) that
[info] will contain Hosting assets to be uploaded with firebase deploy. If you
[info] have a build process for your assets, use your build's output directory.
[info] 
[info] +  Wrote public/404.html 
[debug] [2025-02-25T05:40:44.794Z] >>> [apiv2][query] GET https://www.gstatic.com/firebasejs/releases.json [none]
[debug] [2025-02-25T05:40:44.977Z] <<< [apiv2][status] GET https://www.gstatic.com/firebasejs/releases.json 200
[debug] [2025-02-25T05:40:44.977Z] <<< [apiv2][body] GET https://www.gstatic.com/firebasejs/releases.json {"current":{"version":"11.3.1","browserURL":"https://www.gstatic.com/firebasejs/11.3.1/firebase.js","packageURL":"https://www.gstatic.com/firebasejs/11.3.1/firebase.tgz"},"live":{"version":"11.3","browserURL":"https://www.gstatic.com/firebasejs/live/11.3/firebase.js","packageURL":"https://www.gstatic.com/firebasejs/live/11.3/firebase.tgz"},"components":{"analytics":"https://www.gstatic.com/firebasejs/11.3.1/firebase-analytics.js","app":"https://www.gstatic.com/firebasejs/11.3.1/firebase-app.js","app-check":"https://www.gstatic.com/firebasejs/11.3.1/firebase-app-check.js","auth":"https://www.gstatic.com/firebasejs/11.3.1/firebase-auth.js","auth/cordova":"https://www.gstatic.com/firebasejs/11.3.1/firebase-auth/cordova.js","auth/web-extension":"https://www.gstatic.com/firebasejs/11.3.1/firebase-auth/web-extension.js","functions":"https://www.gstatic.com/firebasejs/11.3.1/firebase-functions.js","firestore":"https://www.gstatic.com/firebasejs/11.3.1/firebase-firestore.js","firestore/lite":"https://www.gstatic.com/firebasejs/11.3.1/firebase-firestore/lite.js","installations":"https://www.gstatic.com/firebasejs/11.3.1/firebase-installations.js","storage":"https://www.gstatic.com/firebasejs/11.3.1/firebase-storage.js","performance":"https://www.gstatic.com/firebasejs/11.3.1/firebase-performance.js","remote-config":"https://www.gstatic.com/firebasejs/11.3.1/firebase-remote-config.js","messaging":"https://www.gstatic.com/firebasejs/11.3.1/firebase-messaging.js","messaging/sw":"https://www.gstatic.com/firebasejs/11.3.1/firebase-messaging/sw.js","database":"https://www.gstatic.com/firebasejs/11.3.1/firebase-database.js","vertexai":"https://www.gstatic.com/firebasejs/11.3.1/firebase-vertexai.js","data-connect":"https://www.gstatic.com/firebasejs/11.3.1/firebase-data-connect.js","firestore.memory":"https://www.gstatic.com/firebasejs/11.3.1/firebase-firestore.memory.js"}}
[info] +  Wrote public/index.html 
[info] 
[info] i  Didn't detect a .git folder. Assuming D:\Intership Work\RTPL E-Learning Website is the project root. 
[info] i  Authorizing with GitHub to upload your service account to a GitHub repository's secrets store. 
[info] 
[info] Visit this URL on this device to log in:
[info] https://github.com/login/oauth/authorize?client_id=89cf50f02ac6aaed3484&state=1059473817&redirect_uri=http%3A%2F%2Flocalhost%3A9005&scope=read%3Auser%20repo%20public_repo
[info] 
[info] Waiting for authentication...
[debug] [2025-02-25T05:41:11.903Z] >>> [apiv2][query] POST https://github.com/login/oauth/access_token [none]
[debug] [2025-02-25T05:41:11.904Z] >>> [apiv2][body] POST https://github.com/login/oauth/access_token [stream]
[debug] [2025-02-25T05:41:12.428Z] <<< [apiv2][status] POST https://github.com/login/oauth/access_token 200
[debug] [2025-02-25T05:41:12.428Z] <<< [apiv2][body] POST https://github.com/login/oauth/access_token {"access_token":"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","token_type":"bearer","scope":"read:user,repo"}
[debug] [2025-02-25T05:41:12.438Z] >>> [apiv2][query] GET https://api.github.com/user [none]
[debug] [2025-02-25T05:41:12.890Z] <<< [apiv2][status] GET https://api.github.com/user 200
[debug] [2025-02-25T05:41:12.890Z] <<< [apiv2][body] GET https://api.github.com/user {"login":"codercat403","id":183540074,"node_id":"U_kgDOCvCZag","avatar_url":"https://avatars.githubusercontent.com/u/183540074?v=4","gravatar_id":"","url":"https://api.github.com/users/codercat403","html_url":"https://github.com/codercat403","followers_url":"https://api.github.com/users/codercat403/followers","following_url":"https://api.github.com/users/codercat403/following{/other_user}","gists_url":"https://api.github.com/users/codercat403/gists{/gist_id}","starred_url":"https://api.github.com/users/codercat403/starred{/owner}{/repo}","subscriptions_url":"https://api.github.com/users/codercat403/subscriptions","organizations_url":"https://api.github.com/users/codercat403/orgs","repos_url":"https://api.github.com/users/codercat403/repos","events_url":"https://api.github.com/users/codercat403/events{/privacy}","received_events_url":"https://api.github.com/users/codercat403/received_events","type":"User","user_view_type":"private","site_admin":false,"name":null,"company":null,"blog":"","location":null,"email":null,"hireable":null,"bio":null,"twitter_username":null,"notification_email":null,"public_repos":0,"public_gists":0,"followers":0,"following":0,"created_at":"2024-10-01T18:19:43Z","updated_at":"2024-11-30T11:36:10Z","private_gists":0,"total_private_repos":1,"owned_private_repos":1,"disk_usage":0,"collaborators":0,"two_factor_authentication":false,"plan":{"name":"free","space":976562499,"collaborators":0,"private_repos":10000}}
[info] 
[info] +  Success! Logged into GitHub as codercat403 
[info] 
[debug] [2025-02-25T05:41:24.669Z] >>> [apiv2][query] GET https://api.github.com/repos//actions/secrets/public-key type=owner
[debug] [2025-02-25T05:41:24.966Z] <<< [apiv2][status] GET https://api.github.com/repos//actions/secrets/public-key 404
[debug] [2025-02-25T05:41:24.967Z] <<< [apiv2][body] GET https://api.github.com/repos//actions/secrets/public-key {"message":"Not Found","documentation_url":"https://docs.github.com/rest","status":"404"}
[info] 
[info] 
[error] !  The provided authorization cannot be used with this repository. If this repository is in an organization, did you remember to grant access? 
[info] 
[info] i  Action required: Visit this URL to ensure access has been granted to the appropriate organization(s) for the Firebase CLI GitHub OAuth App: 
[info] https://github.com/settings/connections/applications/89cf50f02ac6aaed3484
[info] 
[debug] [2025-02-25T05:42:00.799Z] >>> [apiv2][query] GET https://api.github.com/repos/roshanitech/actions/secrets/public-key type=owner
[debug] [2025-02-25T05:42:01.181Z] <<< [apiv2][status] GET https://api.github.com/repos/roshanitech/actions/secrets/public-key 404
[debug] [2025-02-25T05:42:01.182Z] <<< [apiv2][body] GET https://api.github.com/repos/roshanitech/actions/secrets/public-key {"message":"Not Found","documentation_url":"https://docs.github.com/rest","status":"404"}
[info] 
[info] 
[error] !  The provided authorization cannot be used with this repository. If this repository is in an organization, did you remember to grant access? 
[info] 
[info] i  Action required: Visit this URL to ensure access has been granted to the appropriate organization(s) for the Firebase CLI GitHub OAuth App: 
[info] https://github.com/settings/connections/applications/89cf50f02ac6aaed3484
[info] 
[debug] [2025-02-25T05:42:14.414Z] ----------------------------------------------------------------------
[debug] [2025-02-25T05:42:14.423Z] Command:       C:\Program Files\nodejs\node.exe C:\Users\Piyush\AppData\Roaming\npm\node_modules\firebase-tools\lib\bin\firebase.js init
[debug] [2025-02-25T05:42:14.424Z] CLI Version:   13.31.2
[debug] [2025-02-25T05:42:14.425Z] Platform:      win32
[debug] [2025-02-25T05:42:14.425Z] Node Version:  v22.14.0
[debug] [2025-02-25T05:42:14.426Z] Time:          Tue Feb 25 2025 11:12:14 GMT+0530 (India Standard Time)
[debug] [2025-02-25T05:42:14.426Z] ----------------------------------------------------------------------
[debug] 
[debug] [2025-02-25T05:42:14.459Z] > command requires scopes: ["email","openid","https://www.googleapis.com/auth/cloudplatformprojects.readonly","https://www.googleapis.com/auth/firebase","https://www.googleapis.com/auth/cloud-platform"]
[debug] [2025-02-25T05:42:14.463Z] > authorizing via signed-in user (piyushsangada017@gmail.com)
[info] 
     ######## #### ########  ######## ########     ###     ######  ########
     ##        ##  ##     ## ##       ##     ##  ##   ##  ##       ##
     ######    ##  ########  ######   ########  #########  ######  ######
     ##        ##  ##    ##  ##       ##     ## ##     ##       ## ##
     ##       #### ##     ## ######## ########  ##     ##  ######  ########

You're about to initialize a Firebase project in this directory:

  D:\Intership Work\RTPL E-Learning Website

[info] 
=== Project Setup
[info] 
[info] First, let's associate this project directory with a Firebase project.
[info] You can create multiple project aliases by running firebase use --add, 
[info] but for now we'll just set up a default project.
[info] 
[debug] [2025-02-25T05:42:42.173Z] Checked if tokens are valid: true, expires at: 1740465564488
[debug] [2025-02-25T05:42:42.174Z] Checked if tokens are valid: true, expires at: 1740465564488
[debug] [2025-02-25T05:42:42.177Z] >>> [apiv2][query] GET https://firebase.googleapis.com/v1beta1/projects pageSize=100
[debug] [2025-02-25T05:42:43.492Z] <<< [apiv2][status] GET https://firebase.googleapis.com/v1beta1/projects 200
[debug] [2025-02-25T05:42:43.493Z] <<< [apiv2][body] GET https://firebase.googleapis.com/v1beta1/projects [omitted]
[info] i  Using project rtpl-website-98a18 (Rtpl website) 
[info] 
=== Hosting Setup
[debug] [2025-02-25T05:42:44.973Z] Checked if tokens are valid: true, expires at: 1740465564488
[debug] [2025-02-25T05:42:44.973Z] Checked if tokens are valid: true, expires at: 1740465564488
[debug] [2025-02-25T05:42:44.973Z] >>> [apiv2][query] GET https://firebase.googleapis.com/v1beta1/projects/rtpl-website-98a18 [none]
[debug] [2025-02-25T05:42:45.347Z] <<< [apiv2][status] GET https://firebase.googleapis.com/v1beta1/projects/rtpl-website-98a18 200
[debug] [2025-02-25T05:42:45.347Z] <<< [apiv2][body] GET https://firebase.googleapis.com/v1beta1/projects/rtpl-website-98a18 {"projectId":"rtpl-website-98a18","projectNumber":"521444205211","displayName":"Rtpl website","name":"projects/rtpl-website-98a18","resources":{"hostingSite":"rtpl-website-98a18"},"state":"ACTIVE","etag":"1_3872e797-adcd-4e77-811f-5dd3f03b4b8c"}
[info] 
[info] Your public directory is the folder (relative to your project directory) that
[info] will contain Hosting assets to be uploaded with firebase deploy. If you
[info] have a build process for your assets, use your build's output directory.
[info] 
[info] i  public/404.html is unchanged 
[debug] [2025-02-25T05:44:42.540Z] >>> [apiv2][query] GET https://www.gstatic.com/firebasejs/releases.json [none]
[debug] [2025-02-25T05:44:42.747Z] <<< [apiv2][status] GET https://www.gstatic.com/firebasejs/releases.json 200
[debug] [2025-02-25T05:44:42.747Z] <<< [apiv2][body] GET https://www.gstatic.com/firebasejs/releases.json {"current":{"version":"11.3.1","browserURL":"https://www.gstatic.com/firebasejs/11.3.1/firebase.js","packageURL":"https://www.gstatic.com/firebasejs/11.3.1/firebase.tgz"},"live":{"version":"11.3","browserURL":"https://www.gstatic.com/firebasejs/live/11.3/firebase.js","packageURL":"https://www.gstatic.com/firebasejs/live/11.3/firebase.tgz"},"components":{"analytics":"https://www.gstatic.com/firebasejs/11.3.1/firebase-analytics.js","app":"https://www.gstatic.com/firebasejs/11.3.1/firebase-app.js","app-check":"https://www.gstatic.com/firebasejs/11.3.1/firebase-app-check.js","auth":"https://www.gstatic.com/firebasejs/11.3.1/firebase-auth.js","auth/cordova":"https://www.gstatic.com/firebasejs/11.3.1/firebase-auth/cordova.js","auth/web-extension":"https://www.gstatic.com/firebasejs/11.3.1/firebase-auth/web-extension.js","functions":"https://www.gstatic.com/firebasejs/11.3.1/firebase-functions.js","firestore":"https://www.gstatic.com/firebasejs/11.3.1/firebase-firestore.js","firestore/lite":"https://www.gstatic.com/firebasejs/11.3.1/firebase-firestore/lite.js","installations":"https://www.gstatic.com/firebasejs/11.3.1/firebase-installations.js","storage":"https://www.gstatic.com/firebasejs/11.3.1/firebase-storage.js","performance":"https://www.gstatic.com/firebasejs/11.3.1/firebase-performance.js","remote-config":"https://www.gstatic.com/firebasejs/11.3.1/firebase-remote-config.js","messaging":"https://www.gstatic.com/firebasejs/11.3.1/firebase-messaging.js","messaging/sw":"https://www.gstatic.com/firebasejs/11.3.1/firebase-messaging/sw.js","database":"https://www.gstatic.com/firebasejs/11.3.1/firebase-database.js","vertexai":"https://www.gstatic.com/firebasejs/11.3.1/firebase-vertexai.js","data-connect":"https://www.gstatic.com/firebasejs/11.3.1/firebase-data-connect.js","firestore.memory":"https://www.gstatic.com/firebasejs/11.3.1/firebase-firestore.memory.js"}}
[info] i  Skipping write of public/index.html 
[info] 
[info] i  Writing configuration info to firebase.json... 
[info] i  Writing project information to .firebaserc... 
[info] i  Writing gitignore file to .gitignore... 
[info] 
[info] +  Firebase initialization complete! 
